#
# A fatal error has been detected by the Java Runtime Environment:
#
#  EXCEPTION_ACCESS_VIOLATION (0xc0000005) at pc=0x0000029b2d55ada4, pid=23512, tid=27456
#
# JRE version: OpenJDK Runtime Environment Temurin-21.0.7+6 (21.0.7+6) (build 21.0.7+6-LTS)
# Java VM: OpenJDK 64-Bit Server VM Temurin-21.0.7+6 (21.0.7+6-LTS, mixed mode, emulated-client, sharing, tiered, compressed oops, compressed class ptrs, g1 gc, windows-amd64)
# Problematic frame:
# v  ~BufferBlob::MethodHandles adapters 0x0000029b2d55ada4
#
# No core dump will be written. Minidumps are not enabled by default on client versions of Windows
#
# If you would like to submit a bug report, please visit:
#   https://github.com/adoptium/adoptium-support/issues
#

---------------  S U M M A R Y ------------

Command Line: -XX:+ShowCodeDetailsInExceptionMessages -agentlib:jdwp=transport=dt_socket,suspend=y,address=localhost:60388 -Dcom.sun.management.jmxremote -Dcom.sun.management.jmxremote.port=60387 -Dcom.sun.management.jmxremote.authenticate=false -Dcom.sun.management.jmxremote.ssl=false -Djava.rmi.server.hostname=localhost -Dspring.jmx.enabled=true -Dmanagement.endpoints.jmx.exposure.include=* -Dspring.application.admin.enabled=true -Dspring.output.ansi.enabled=always -XX:TieredStopAtLevel=1 -Dspring.boot.project.name=Community -javaagent:C:\STS\sts-4.31.0.RELEASE\configuration\org.eclipse.osgi\273\0\.cp\lib\javaagent-shaded.jar -Dfile.encoding=UTF-8 -Dstdout.encoding=UTF-8 -Dstderr.encoding=UTF-8 com.community.community.CommunityApplication

Host: 11th Gen Intel(R) Core(TM) i7-1165G7 @ 2.80GHz, 8 cores, 31G,  Windows 11 , 64 bit Build 26100 (10.0.26100.7623)
Time: Thu Jan 29 16:36:14 2026  Windows 11 , 64 bit Build 26100 (10.0.26100.7623) elapsed time: 1021.086485 seconds (0d 0h 17m 1s)

---------------  T H R E A D  ---------------

Current thread (0x0000029b0494f960):  JavaThread "http-nio-8080-exec-9" daemon [_thread_in_Java, id=27456, stack(0x000000ce58c00000,0x000000ce58d00000) (1024K)]

Stack: [0x000000ce58c00000,0x000000ce58d00000],  sp=0x000000ce58cfb738,  free space=1005k
Native frames: (J=compiled Java code, j=interpreted, Vv=VM code, C=native code)
C  0x0000029b2d55ada4

The last pc belongs to _linkToVirtual (printed below).

siginfo: EXCEPTION_ACCESS_VIOLATION (0xc0000005), reading address 0xffffffffffffffff


Registers:
RAX=0x0000029b2d52958b, RBX=0x0000000608049080, RCX=0x000000ce58cfb750, RDX=0x0000000000000004
RSP=0x000000ce58cfb738, RBP=0x000000ce58cfb798, RSI=0x0000029b7fa89a88, RDI=0x0000029b7ffbb740
R8 =0x0000000000000004, R9 =0x0000000000000004, R10=0x0000029b3e210276, R11=0xc1009fda00000001
R12=0x0000000000000000, R13=0x000000ce58cfb738, R14=0x000000ce58cfb7c8, R15=0x0000029b0494f960
RIP=0x0000029b2d55ada4, EFLAGS=0x0000000000010202

XMM[0]=0x0000000000000000 0x0000000000000000
XMM[1]=0x0000000000000000 0x0000000000000000
XMM[2]=0x0000000000000000 0x0000000000000000
XMM[3]=0x0000000000000000 0x0000000000000000
XMM[4]=0x0000000000000000 0x0000000000000000
XMM[5]=0x0000000000000000 0x0000000000000000
XMM[6]=0x0000000000000000 0x0000000000000000
XMM[7]=0x0000000000000000 0x0000000000000000
XMM[8]=0x0000000000000000 0x0000000000000000
XMM[9]=0x0000000000000000 0x0000000000000000
XMM[10]=0x0000000000000000 0x0000000000000000
XMM[11]=0x0000000000000000 0x0000000000000000
XMM[12]=0x0000000000000000 0x0000000000000000
XMM[13]=0x0000000000000000 0x0000000000000000
XMM[14]=0x0000000000000000 0x0000000000000000
XMM[15]=0x0000000000000000 0x0000000000000000
  MXCSR=0x00001fa0


Register to memory mapping:

RAX=0x0000029b2d52958b is at code_begin+4363 in an Interpreter codelet
return entry points  [0x0000029b2d528480, 0x0000029b2d52a298]  7704 bytes
RBX=0x0000000608049080 is an oop: java.util.ArrayList 
{0x0000000608049080} - klass: 'java/util/ArrayList'
 - ---- fields (total size 3 words):
 - protected transient 'modCount' 'I' @12  1 (0x00000001)
 - private 'size' 'I' @16  1 (0x00000001)
 - transient 'elementData' '[Ljava/lang/Object;' @20  a 'java/lang/Object'[1] {0x000000060804fed0} (0xc1009fda)
RCX=0x000000ce58cfb750 is pointing into the stack for thread: 0x0000029b0494f960
RDX=0x0000000000000004 is an unknown value
RSP=0x000000ce58cfb738 is pointing into the stack for thread: 0x0000029b0494f960
RBP=0x000000ce58cfb798 is pointing into the stack for thread: 0x0000029b0494f960
RSI=0x0000029b7fa89a88 points into unknown readable memory: 0x80002361593148bc | bc 48 31 59 61 23 00 80
RDI=0x0000029b7ffbb740 points into unknown readable memory: 0x0000002800000080 | 80 00 00 00 28 00 00 00
R8 =0x0000000000000004 is an unknown value
R9 =0x0000000000000004 is an unknown value
R10=0x0000029b3e210276 is pointing into metadata
R11=0xc1009fda00000001 is an unknown value
R12=0x0 is null
R13=0x000000ce58cfb738 is pointing into the stack for thread: 0x0000029b0494f960
R14=0x000000ce58cfb7c8 is pointing into the stack for thread: 0x0000029b0494f960
R15=0x0000029b0494f960 is a thread

Top of Stack: (sp=0x000000ce58cfb738)
0x000000ce58cfb738:   0000029b2d52958b 0000000608049098
0x000000ce58cfb748:   00000006070edac8 000000ce58cfb750
0x000000ce58cfb758:   0000029b01210276 0000000000000006
0x000000ce58cfb768:   0000029b012103c8 000000ce58cfb838
0x000000ce58cfb778:   00000006050179d8 0000029b01210288
0x000000ce58cfb788:   000000ce58cfb738 000000ce58cfb7d0
0x000000ce58cfb798:   000000ce58cfb838 0000029b2d52958b
0x000000ce58cfb7a8:   0000000608049100 0000000608049080
0x000000ce58cfb7b8:   0000000608049098 00000006070edac8
0x000000ce58cfb7c8:   00000006080490d8 00000006081d2528
0x000000ce58cfb7d8:   00000006081d5400 000000060642e098
0x000000ce58cfb7e8:   00000006081fbbd8 000000ce58cfb7f0
0x000000ce58cfb7f8:   0000029b0315ab01 000000000000000c
0x000000ce58cfb808:   0000029b03159858 0000000000000000
0x000000ce58cfb818:   0000000608058758 0000029b0315ab10
0x000000ce58cfb828:   000000ce58cfb7d0 000000ce58cfb8a0
0x000000ce58cfb838:   000000ce58cfbb50 0000029b2e174faa
0x000000ce58cfb848:   00000006080490d8 00000006070edac8
0x000000ce58cfb858:   00000006080491b0 0000000608049098
0x000000ce58cfb868:   0000000608049188 0000000608049080
0x000000ce58cfb878:   0000000608049160 0000000608049080
0x000000ce58cfb888:   0000000608049098 00000006070edac8
0x000000ce58cfb898:   0000000608049130 0000000000000000
0x000000ce58cfb8a8:   00000006068893e0 0000000606c559b8
0x000000ce58cfb8b8:   0000000608203268 00000006081ffda8
0x000000ce58cfb8c8:   0000000000000001 0000000606c559b8
0x000000ce58cfb8d8:   0000000605c29f00 0000000606bd5e78
0x000000ce58cfb8e8:   0000000000000000 000000ce58cfbb50
0x000000ce58cfb8f8:   0000029b2d8e015c 0000000000000000
0x000000ce58cfb908:   0000000000000000 000000ce58cfbb50
0x000000ce58cfb918:   0000029b2e2b26f4 0000000000000000
0x000000ce58cfb928:   0000000000000000 0000000000000000 

Instructions: (pc=0x0000029b2d55ada4)
0x0000029b2d55aca4:   9b 02 00 00 00 ad 55 2d 9b 02 00 00 80 bd 55 2d
0x0000029b2d55acb4:   9b 02 00 00 f0 ac 55 2d 9b 02 00 00 f0 ac 55 2d
0x0000029b2d55acc4:   9b 02 00 00 00 00 00 00 00 00 00 00 38 87 24 6a
0x0000029b2d55acd4:   f9 7f 00 00 f0 10 00 00 60 00 00 00 ff ff ff ff
0x0000029b2d55ace4:   f0 10 00 00 00 00 00 00 00 00 00 00 00 00 00 00
0x0000029b2d55acf4:   00 00 00 00 00 00 00 00 00 00 00 00 f4 66 66 66
0x0000029b2d55ad04:   0f 1f 84 00 00 00 00 00 66 66 66 90 66 66 66 0f
0x0000029b2d55ad14:   1f 84 00 00 00 00 00 66 66 66 90 90 48 8b 53 08
0x0000029b2d55ad24:   0f b7 52 2e 48 8b 0c d4 8b 59 14 48 c1 e3 03 8b
0x0000029b2d55ad34:   5b 28 48 c1 e3 03 8b 5b 24 48 c1 e3 03 48 8b 5b
0x0000029b2d55ad44:   10 48 85 db 0f 84 10 00 00 00 41 80 bf d8 05 00
0x0000029b2d55ad54:   00 00 74 03 ff 63 38 ff 63 50 e9 9d 16 00 00 66
0x0000029b2d55ad64:   66 66 0f 1f 84 00 00 00 00 00 66 66 66 90 66 66
0x0000029b2d55ad74:   0f 1f 84 00 00 00 00 00 66 66 66 90 48 8b 53 08
0x0000029b2d55ad84:   0f b7 52 2e 48 8b 0c d4 58 5b 50 44 8b 51 08 49
0x0000029b2d55ad94:   bb 00 00 00 3d 9b 02 00 00 4d 03 d3 4c 8b 5b 10
0x0000029b2d55ada4:   4b 8b 9c da c0 01 00 00 48 85 db 0f 84 10 00 00
0x0000029b2d55adb4:   00 41 80 bf d8 05 00 00 00 74 03 ff 63 38 ff 63
0x0000029b2d55adc4:   50 e9 36 16 00 00 66 66 66 0f 1f 84 00 00 00 00
0x0000029b2d55add4:   00 66 66 66 90 0f 1f 80 00 00 00 00 58 5b 50 8b
0x0000029b2d55ade4:   5b 24 48 c1 e3 03 48 8b 5b 10 48 85 db 0f 84 10
0x0000029b2d55adf4:   00 00 00 41 80 bf d8 05 00 00 00 74 03 ff 63 38
0x0000029b2d55ae04:   ff 63 50 e9 f4 15 00 00 66 66 66 0f 1f 84 00 00
0x0000029b2d55ae14:   00 00 00 66 66 66 90 0f 1f 44 00 00 48 8b 53 08
0x0000029b2d55ae24:   0f b7 52 2e 48 8b 0c d4 58 5b 50 48 3b 01 8b 5b
0x0000029b2d55ae34:   24 48 c1 e3 03 48 8b 5b 10 48 85 db 0f 84 10 00
0x0000029b2d55ae44:   00 00 41 80 bf d8 05 00 00 00 74 03 ff 63 38 ff
0x0000029b2d55ae54:   63 50 e9 a5 15 00 00 0f 1f 44 00 00 48 8b 53 08
0x0000029b2d55ae64:   0f b7 52 2e 48 8b 0c d4 58 5b 50 44 8b 51 08 49
0x0000029b2d55ae74:   bb 00 00 00 3d 9b 02 00 00 4d 03 d3 8b 43 18 48
0x0000029b2d55ae84:   c1 e0 03 48 8b 40 10 48 8b 5b 10 45 8b 9a a0 00
0x0000029b2d55ae94:   00 00 4f 8d 9c da c0 01 00 00 4d 8d 14 da 49 8b 


Stack slot to memory mapping:

stack at sp + 0 slots: 0x0000029b2d52958b is at code_begin+4363 in an Interpreter codelet
return entry points  [0x0000029b2d528480, 0x0000029b2d52a298]  7704 bytes
stack at sp + 1 slots: 0x0000000608049098 is an oop: com.community.community.notice.dto.NoticeRequestDto 
{0x0000000608049098} - klass: 'com/community/community/notice/dto/NoticeRequestDto'
 - ---- fields (total size 8 words):
 - private 'page' 'I' @12  1 (0x00000001)
 - private 'pageSize' 'I' @16  10 (0x0000000a)
 - private 'offset' 'I' @20  0 (0x00000000)
 - private 'noticeId' 'Ljava/lang/Long;' @24  a 'java/lang/Long'{0x0000000604cae158} = 33 (0xc0995c2b)
 - private 'userId' 'Ljava/lang/String;' @28  null (0x00000000)
 - private 'title' 'Ljava/lang/String;' @32  "124712371237"{0x0000000608094da8} (0xc10129b5)
 - private 'detail' 'Ljava/lang/String;' @36  "123712741237"{0x0000000608094d10} (0xc10129a2)
 - private 'writer' 'Ljava/lang/String;' @40  "user01"{0x000000060621dd68} (0xc0c43bad)
 - private 'startDate' 'Ljava/lang/String;' @44  null (0x00000000)
 - private 'endDate' 'Ljava/lang/String;' @48  null (0x00000000)
 - private 'keyword' 'Ljava/lang/String;' @52  null (0x00000000)
 - private 'useYn' 'Ljava/lang/String;' @56  null (0x00000000)
stack at sp + 2 slots: 0x00000006070edac8 is an oop: com.community.community.notice.controller.NoticeController 
{0x00000006070edac8} - klass: 'com/community/community/notice/controller/NoticeController'
 - ---- fields (total size 3 words):
 - private final 'noticeService' 'Lcom/community/community/notice/service/NoticeService;' @12  a 'com/community/community/notice/service/impl/NoticeServiceImpl$$SpringCGLIB$$0'{0x000000060717f4e0} (0xc0e2fe9c)
 - private final 'attachmentsService' 'Lcom/community/community/attachments/service/AttachmentsService;' @16  a 'com/community/community/attachments/service/impl/AttachmentsServiceImpl$$SpringCGLIB$$0'{0x00000006070ed998} (0xc0e1db33)
stack at sp + 3 slots: 0x000000ce58cfb750 is pointing into the stack for thread: 0x0000029b0494f960
stack at sp + 4 slots: 0x0000029b01210276 is pointing into metadata
stack at sp + 5 slots: 0x0000000000000006 is an unknown value
stack at sp + 6 slots: 0x0000029b012103c8 is pointing into metadata
stack at sp + 7 slots: 0x000000ce58cfb838 is pointing into the stack for thread: 0x0000029b0494f960

MethodHandle::interpreter_entry::_linkToVirtual [0x0000029b2d55ad63, 0x0000029b2d55adca] (103 bytes)
[MachCode]
  0x0000029b2d55ad63: 6666 660f | 1f84 0000 | 0000 0066 | 6666 9066 | 660f 1f84 | 0000 0000 | 0066 6666 | 9048 8b53 
  0x0000029b2d55ad83: 080f b752 | 2e48 8b0c | d458 5b50 | 448b 5108 | 49bb 0000 | 003d 9b02 | 0000 4d03 | d34c 8b5b 
  0x0000029b2d55ada3: 104b 8b9c | dac0 0100 | 0048 85db | 0f84 1000 | 0000 4180 | bfd8 0500 | 0000 7403 | ff63 38ff 
  0x0000029b2d55adc3: 6350 e936 | 
[/MachCode]

---------------  P R O C E S S  ---------------

Threads class SMR info:
_java_thread_list=0x0000029b7e93a3a0, length=38, elements={
0x0000029b7e012430, 0x0000029b7e012e80, 0x0000029b7e018240, 0x0000029b7e01aca0,
0x0000029b7e024840, 0x0000029b7e0288c0, 0x0000029b7e02f080, 0x0000029b7e0bb7e0,
0x0000029b7e190850, 0x0000029b7e1b1aa0, 0x0000029b7e1b4130, 0x0000029b7e8e2dc0,
0x0000029b7eabaac0, 0x0000029b7eabc610, 0x0000029b7eaec420, 0x0000029b7f1077f0,
0x0000029b7f11e520, 0x0000029b7f1205f0, 0x0000029b048550d0, 0x0000029b04950d10,
0x0000029b04855df0, 0x0000029b04857ec0, 0x0000029b048571a0, 0x0000029b04858550,
0x0000029b0494fff0, 0x0000029b049513a0, 0x0000029b0494f2d0, 0x0000029b04950680,
0x0000029b0494df20, 0x0000029b0494e5b0, 0x0000029b04951a30, 0x0000029b04952de0,
0x0000029b049520c0, 0x0000029b0494f960, 0x0000029b04953470, 0x0000029b04954190,
0x0000029b04954eb0, 0x0000029b7f120c80
}

Java Threads: ( => current thread )
  0x0000029b7e012430 JavaThread "Reference Handler"          daemon [_thread_blocked, id=29512, stack(0x000000ce55e00000,0x000000ce55f00000) (1024K)]
  0x0000029b7e012e80 JavaThread "Finalizer"                  daemon [_thread_blocked, id=12064, stack(0x000000ce55f00000,0x000000ce56000000) (1024K)]
  0x0000029b7e018240 JavaThread "Signal Dispatcher"          daemon [_thread_blocked, id=29344, stack(0x000000ce56000000,0x000000ce56100000) (1024K)]
  0x0000029b7e01aca0 JavaThread "Attach Listener"            daemon [_thread_blocked, id=16916, stack(0x000000ce56100000,0x000000ce56200000) (1024K)]
  0x0000029b7e024840 JavaThread "Service Thread"             daemon [_thread_blocked, id=30784, stack(0x000000ce56200000,0x000000ce56300000) (1024K)]
  0x0000029b7e0288c0 JavaThread "Monitor Deflation Thread"   daemon [_thread_blocked, id=27316, stack(0x000000ce56300000,0x000000ce56400000) (1024K)]
  0x0000029b7e02f080 JavaThread "C1 CompilerThread0"         daemon [_thread_blocked, id=22116, stack(0x000000ce56400000,0x000000ce56500000) (1024K)]
  0x0000029b7e0bb7e0 JavaThread "Common-Cleaner"             daemon [_thread_blocked, id=36472, stack(0x000000ce56500000,0x000000ce56600000) (1024K)]
  0x0000029b7e190850 JavaThread "JDWP Transport Listener: dt_socket" daemon [_thread_blocked, id=30032, stack(0x000000ce56800000,0x000000ce56900000) (1024K)]
  0x0000029b7e1b1aa0 JavaThread "JDWP Event Helper Thread"   daemon [_thread_blocked, id=35744, stack(0x000000ce56900000,0x000000ce56a00000) (1024K)]
  0x0000029b7e1b4130 JavaThread "JDWP Command Reader"        daemon [_thread_in_native, id=32140, stack(0x000000ce56a00000,0x000000ce56b00000) (1024K)]
  0x0000029b7e8e2dc0 JavaThread "Notification Thread"        daemon [_thread_blocked, id=33260, stack(0x000000ce56b00000,0x000000ce56c00000) (1024K)]
  0x0000029b7eabaac0 JavaThread "RMI TCP Accept-0"           daemon [_thread_in_native, id=35400, stack(0x000000ce56d00000,0x000000ce56e00000) (1024K)]
  0x0000029b7eabc610 JavaThread "RMI TCP Accept-60387"       daemon [_thread_in_native, id=15728, stack(0x000000ce56e00000,0x000000ce56f00000) (1024K)]
  0x0000029b7eaec420 JavaThread "RMI TCP Accept-0"           daemon [_thread_in_native, id=28176, stack(0x000000ce57600000,0x000000ce57700000) (1024K)]
  0x0000029b7f1077f0 JavaThread "RMI Scheduler(0)"           daemon [_thread_blocked, id=33076, stack(0x000000ce57900000,0x000000ce57a00000) (1024K)]
  0x0000029b7f11e520 JavaThread "JMX server connection timeout 41" daemon [_thread_blocked, id=19276, stack(0x000000ce57c00000,0x000000ce57d00000) (1024K)]
  0x0000029b7f1205f0 JavaThread "mysql-cj-abandoned-connection-cleanup" daemon [_thread_blocked, id=36856, stack(0x000000ce58100000,0x000000ce58200000) (1024K)]
  0x0000029b048550d0 JavaThread "Live Reload Server"         daemon [_thread_in_native, id=36260, stack(0x000000ce58700000,0x000000ce58800000) (1024K)]
  0x0000029b04950d10 JavaThread "DestroyJavaVM"                     [_thread_blocked, id=25704, stack(0x000000ce55600000,0x000000ce55700000) (1024K)]
  0x0000029b04855df0 JavaThread "Catalina-utility-1"                [_thread_blocked, id=34936, stack(0x000000ce57800000,0x000000ce57900000) (1024K)]
  0x0000029b04857ec0 JavaThread "Catalina-utility-2"                [_thread_blocked, id=32808, stack(0x000000ce57a00000,0x000000ce57b00000) (1024K)]
  0x0000029b048571a0 JavaThread "container-0"                       [_thread_blocked, id=11636, stack(0x000000ce57b00000,0x000000ce57c00000) (1024K)]
  0x0000029b04858550 JavaThread "HikariPool-2 housekeeper"   daemon [_thread_blocked, id=5568, stack(0x000000ce57f00000,0x000000ce58000000) (1024K)]
  0x0000029b0494fff0 JavaThread "File Watcher"               daemon [_thread_in_native, id=29020, stack(0x000000ce58200000,0x000000ce58300000) (1024K)]
  0x0000029b049513a0 JavaThread "http-nio-8080-exec-1"       daemon [_thread_blocked, id=31796, stack(0x000000ce58300000,0x000000ce58400000) (1024K)]
  0x0000029b0494f2d0 JavaThread "http-nio-8080-exec-2"       daemon [_thread_blocked, id=13532, stack(0x000000ce58400000,0x000000ce58500000) (1024K)]
  0x0000029b04950680 JavaThread "http-nio-8080-exec-3"       daemon [_thread_blocked, id=35788, stack(0x000000ce58500000,0x000000ce58600000) (1024K)]
  0x0000029b0494df20 JavaThread "http-nio-8080-exec-4"       daemon [_thread_blocked, id=35904, stack(0x000000ce58600000,0x000000ce58700000) (1024K)]
  0x0000029b0494e5b0 JavaThread "http-nio-8080-exec-5"       daemon [_thread_blocked, id=28036, stack(0x000000ce58800000,0x000000ce58900000) (1024K)]
  0x0000029b04951a30 JavaThread "http-nio-8080-exec-6"       daemon [_thread_blocked, id=34304, stack(0x000000ce58900000,0x000000ce58a00000) (1024K)]
  0x0000029b04952de0 JavaThread "http-nio-8080-exec-7"       daemon [_thread_blocked, id=35600, stack(0x000000ce58a00000,0x000000ce58b00000) (1024K)]
  0x0000029b049520c0 JavaThread "http-nio-8080-exec-8"       daemon [_thread_blocked, id=36400, stack(0x000000ce58b00000,0x000000ce58c00000) (1024K)]
=>0x0000029b0494f960 JavaThread "http-nio-8080-exec-9"       daemon [_thread_in_Java, id=27456, stack(0x000000ce58c00000,0x000000ce58d00000) (1024K)]
  0x0000029b04953470 JavaThread "http-nio-8080-exec-10"      daemon [_thread_blocked, id=20544, stack(0x000000ce58d00000,0x000000ce58e00000) (1024K)]
  0x0000029b04954190 JavaThread "http-nio-8080-Poller"       daemon [_thread_in_native, id=36224, stack(0x000000ce58e00000,0x000000ce58f00000) (1024K)]
  0x0000029b04954eb0 JavaThread "http-nio-8080-Acceptor"     daemon [_thread_in_native, id=34956, stack(0x000000ce58f00000,0x000000ce59000000) (1024K)]
  0x0000029b7f120c80 JavaThread "RMI TCP Connection(idle)"   daemon [_thread_blocked, id=29440, stack(0x000000ce59000000,0x000000ce59100000) (1024K)]
Total: 38

Other Threads:
  0x0000029b3a6c1d90 VMThread "VM Thread"                           [id=35568, stack(0x000000ce55d00000,0x000000ce55e00000) (1024K)]
  0x0000029b3a6b2f10 WatcherThread "VM Periodic Task Thread"        [id=29172, stack(0x000000ce55c00000,0x000000ce55d00000) (1024K)]
  0x0000029b29c30c70 WorkerThread "GC Thread#0"                     [id=36580, stack(0x000000ce55700000,0x000000ce55800000) (1024K)]
  0x0000029b7ead1460 WorkerThread "GC Thread#1"                     [id=35280, stack(0x000000ce56f00000,0x000000ce57000000) (1024K)]
  0x0000029b7ead1800 WorkerThread "GC Thread#2"                     [id=32960, stack(0x000000ce57000000,0x000000ce57100000) (1024K)]
  0x0000029b7ead1ba0 WorkerThread "GC Thread#3"                     [id=24384, stack(0x000000ce57100000,0x000000ce57200000) (1024K)]
  0x0000029b7eb33b40 WorkerThread "GC Thread#4"                     [id=35720, stack(0x000000ce57200000,0x000000ce57300000) (1024K)]
  0x0000029b7eb340f0 WorkerThread "GC Thread#5"                     [id=20024, stack(0x000000ce57300000,0x000000ce57400000) (1024K)]
  0x0000029b7eb34490 WorkerThread "GC Thread#6"                     [id=32200, stack(0x000000ce57400000,0x000000ce57500000) (1024K)]
  0x0000029b7eb34830 WorkerThread "GC Thread#7"                     [id=24124, stack(0x000000ce57500000,0x000000ce57600000) (1024K)]
  0x0000029b3a4d3ff0 ConcurrentGCThread "G1 Main Marker"            [id=21168, stack(0x000000ce55800000,0x000000ce55900000) (1024K)]
  0x0000029b3a4d4a00 WorkerThread "G1 Conc#0"                       [id=35536, stack(0x000000ce55900000,0x000000ce55a00000) (1024K)]
  0x0000029b7f1f0200 WorkerThread "G1 Conc#1"                       [id=35884, stack(0x000000ce57e00000,0x000000ce57f00000) (1024K)]
  0x0000029b3a5740f0 ConcurrentGCThread "G1 Refine#0"               [id=34752, stack(0x000000ce55a00000,0x000000ce55b00000) (1024K)]
  0x0000029b3a574b70 ConcurrentGCThread "G1 Service"                [id=36280, stack(0x000000ce55b00000,0x000000ce55c00000) (1024K)]
Total: 15

Threads with active compile tasks:
Total: 0

VM state: not at safepoint (normal execution)

VM Mutex/Monitor currently owned by a thread: None

Heap address: 0x0000000604c00000, size: 8116 MB, Compressed Oops mode: Zero based, Oop shift amount: 3

CDS archive(s) mapped at: [0x0000029b3d000000-0x0000029b3dc80000-0x0000029b3dc80000), size 13107200, SharedBaseAddress: 0x0000029b3d000000, ArchiveRelocationMode: 1.
Compressed class space mapped at: 0x0000029b3e000000-0x0000029b7e000000, reserved size: 1073741824
Narrow klass base: 0x0000029b3d000000, Narrow klass shift: 0, Narrow klass range: 0x100000000

GC Precious Log:
 CardTable entry size: 512
 Card Set container configuration: InlinePtr #cards 4 size 8 Array Of Cards #cards 32 size 80 Howl #buckets 8 coarsen threshold 7372 Howl Bitmap #cards 1024 size 144 coarsen threshold 921 Card regions per heap region 1 cards per card region 8192
 CPUs: 8 total, 8 available
 Memory: 32448M
 Large Page Support: Disabled
 NUMA Support: Disabled
 Compressed Oops: Enabled (Zero based)
 Heap Region Size: 4M
 Heap Min Capacity: 8M
 Heap Initial Capacity: 508M
 Heap Max Capacity: 8116M
 Pre-touch: Disabled
 Parallel Workers: 8
 Concurrent Workers: 2
 Concurrent Refinement Workers: 8
 Periodic GC: Disabled

Heap:
 garbage-first heap   total 81920K, used 61012K [0x0000000604c00000, 0x0000000800000000)
  region size 4096K, 8 young (32768K), 1 survivors (4096K)
 Metaspace       used 59597K, committed 60800K, reserved 1114112K
  class space    used 7640K, committed 8256K, reserved 1048576K

Heap Regions: E=young(eden), S=young(survivor), O=old, HS=humongous(starts), HC=humongous(continues), CS=collection set, F=free, TAMS=top-at-mark-start, PB=parsable bottom
|   0|0x0000000604c00000, 0x0000000604fee840, 0x0000000605000000| 98%| O|  |TAMS 0x0000000604c00000| PB 0x0000000604c00000| Untracked 
|   1|0x0000000605000000, 0x00000006053ffde8, 0x0000000605400000| 99%| O|  |TAMS 0x0000000605000000| PB 0x0000000605000000| Untracked 
|   2|0x0000000605400000, 0x00000006057fffe8, 0x0000000605800000| 99%| O|  |TAMS 0x0000000605400000| PB 0x0000000605400000| Untracked 
|   3|0x0000000605800000, 0x0000000605bfffc8, 0x0000000605c00000| 99%| O|  |TAMS 0x0000000605800000| PB 0x0000000605800000| Untracked 
|   4|0x0000000605c00000, 0x0000000605fe0b20, 0x0000000606000000| 96%| O|  |TAMS 0x0000000605c00000| PB 0x0000000605c00000| Untracked 
|   5|0x0000000606000000, 0x00000006063d4408, 0x0000000606400000| 95%| O|  |TAMS 0x0000000606000000| PB 0x0000000606000000| Untracked 
|   6|0x0000000606400000, 0x0000000606400000, 0x0000000606800000|  0%| F|  |TAMS 0x0000000606400000| PB 0x0000000606400000| Untracked 
|   7|0x0000000606800000, 0x0000000606800000, 0x0000000606c00000|  0%| F|  |TAMS 0x0000000606800000| PB 0x0000000606800000| Untracked 
|   8|0x0000000606c00000, 0x0000000606c00000, 0x0000000607000000|  0%| F|  |TAMS 0x0000000606c00000| PB 0x0000000606c00000| Untracked 
|   9|0x0000000607000000, 0x0000000607400000, 0x0000000607400000|100%| O|  |TAMS 0x0000000607000000| PB 0x0000000607000000| Untracked 
|  10|0x0000000607400000, 0x0000000607800000, 0x0000000607800000|100%| O|  |TAMS 0x0000000607400000| PB 0x0000000607400000| Untracked 
|  11|0x0000000607800000, 0x0000000607b42b40, 0x0000000607c00000| 81%| O|  |TAMS 0x0000000607800000| PB 0x0000000607800000| Untracked 
|  12|0x0000000607c00000, 0x0000000607e54e30, 0x0000000608000000| 58%| E|  |TAMS 0x0000000607c00000| PB 0x0000000607c00000| Complete 
|  13|0x0000000608000000, 0x00000006080af1a0, 0x0000000608400000| 17%| S|CS|TAMS 0x0000000608000000| PB 0x0000000608000000| Complete 
|  14|0x0000000608400000, 0x0000000608800000, 0x0000000608800000|100%| E|CS|TAMS 0x0000000608400000| PB 0x0000000608400000| Complete 
|  15|0x0000000608800000, 0x0000000608c00000, 0x0000000608c00000|100%| E|CS|TAMS 0x0000000608800000| PB 0x0000000608800000| Complete 
|  16|0x0000000608c00000, 0x0000000609000000, 0x0000000609000000|100%| E|CS|TAMS 0x0000000608c00000| PB 0x0000000608c00000| Complete 
|  51|0x0000000611800000, 0x0000000611c00000, 0x0000000611c00000|100%| E|CS|TAMS 0x0000000611800000| PB 0x0000000611800000| Complete 
|  52|0x0000000611c00000, 0x0000000612000000, 0x0000000612000000|100%| E|CS|TAMS 0x0000000611c00000| PB 0x0000000611c00000| Complete 
| 126|0x0000000624400000, 0x0000000624800000, 0x0000000624800000|100%| E|CS|TAMS 0x0000000624400000| PB 0x0000000624400000| Complete 

Card table byte_map: [0x0000029b31620000,0x0000029b32600000] _byte_map_base: 0x0000029b2e5fa000

Marking Bits: (CMBitMap*) 0x0000029b29c31280
 Bits: [0x0000029b32600000, 0x0000029b3a4d0000)

Polling page: 0x0000029b279a0000

Metaspace:

Usage:
  Non-class:     50.74 MB used.
      Class:      7.46 MB used.
       Both:     58.20 MB used.

Virtual space:
  Non-class space:       64.00 MB reserved,      51.31 MB ( 80%) committed,  1 nodes.
      Class space:        1.00 GB reserved,       8.06 MB ( <1%) committed,  1 nodes.
             Both:        1.06 GB reserved,      59.38 MB (  5%) committed. 

Chunk freelists:
   Non-Class:  12.13 MB
       Class:  8.00 MB
        Both:  20.13 MB

MaxMetaspaceSize: unlimited
CompressedClassSpaceSize: 1.00 GB
Initial GC threshold: 21.00 MB
Current GC threshold: 99.00 MB
CDS: on
 - commit_granule_bytes: 65536.
 - commit_granule_words: 8192.
 - virtual_space_node_default_size: 8388608.
 - enlarge_chunks_in_place: 1.
 - use_allocation_guard: 0.


Internal statistics:

num_allocs_failed_limit: 6.
num_arena_births: 2972.
num_arena_deaths: 1324.
num_vsnodes_births: 2.
num_vsnodes_deaths: 0.
num_space_committed: 950.
num_space_uncommitted: 0.
num_chunks_returned_to_freelist: 1590.
num_chunks_taken_from_freelist: 5537.
num_chunk_merges: 474.
num_chunk_splits: 3307.
num_chunks_enlarged: 1975.
num_inconsistent_stats: 0.

CodeCache: size=49152Kb used=16830Kb max_used=18863Kb free=32321Kb
 bounds [0x0000029b2d520000, 0x0000029b2e790000, 0x0000029b30520000]
 total_blobs=8231 nmethods=7267 adapters=887
 compilation: enabled
              stopped_count=0, restarted_count=0
 full_count=0

Compilation events (20 events):
Event: 653.769 Thread 0x0000029b7e02f080 10324   !   1       org.apache.catalina.core.ContainerBase$ContainerBackgroundProcessor::processChildren (202 bytes)
Event: 653.770 Thread 0x0000029b7e02f080 nmethod 10324 0x0000029b2da57d10 code [0x0000029b2da58080, 0x0000029b2da59420]
Event: 656.561 Thread 0x0000029b7e02f080 10326       1       java.nio.channels.spi.AbstractSelectionKey::isValid (13 bytes)
Event: 656.561 Thread 0x0000029b7e02f080 nmethod 10326 0x0000029b2de24990 code [0x0000029b2de24b20, 0x0000029b2de24bf8]
Event: 683.784 Thread 0x0000029b7e02f080 10327       1       java.util.Comparator$$Lambda/0x0000029b3e4438d8::compare (10 bytes)
Event: 683.784 Thread 0x0000029b7e02f080 nmethod 10327 0x0000029b2d89ea10 code [0x0000029b2d89ebe0, 0x0000029b2d89ede8]
Event: 683.784 Thread 0x0000029b7e02f080 10328       1       java.util.Comparator::lambda$comparingLong$6043328a$1 (18 bytes)
Event: 683.785 Thread 0x0000029b7e02f080 nmethod 10328 0x0000029b2d8a0b90 code [0x0000029b2d8a0d60, 0x0000029b2d8a0f28]
Event: 703.805 Thread 0x0000029b7e02f080 10329   !   1       org.apache.catalina.core.StandardContext::getLoader (38 bytes)
Event: 703.805 Thread 0x0000029b7e02f080 nmethod 10329 0x0000029b2d8acc10 code [0x0000029b2d8ace00, 0x0000029b2d8ad158]
Event: 721.117 Thread 0x0000029b7e02f080 10330       1       java.io.ObjectOutputStream::writeShort (9 bytes)
Event: 721.117 Thread 0x0000029b7e02f080 nmethod 10330 0x0000029b2d8c3e90 code [0x0000029b2d8c4040, 0x0000029b2d8c4140]
Event: 763.843 Thread 0x0000029b7e02f080 10331       1       org.apache.catalina.loader.WebappLoader::getClassLoader (5 bytes)
Event: 763.843 Thread 0x0000029b7e02f080 nmethod 10331 0x0000029b2decfd10 code [0x0000029b2decfea0, 0x0000029b2decff70]
Event: 833.861 Thread 0x0000029b7e02f080 10332   !   1       org.apache.catalina.core.StandardContext::getManager (38 bytes)
Event: 833.862 Thread 0x0000029b7e02f080 nmethod 10332 0x0000029b2d9b2790 code [0x0000029b2d9b2980, 0x0000029b2d9b2cd8]
Event: 841.127 Thread 0x0000029b7e02f080 10333       1       java.io.DataOutputStream::incCount (20 bytes)
Event: 841.127 Thread 0x0000029b7e02f080 nmethod 10333 0x0000029b2df25710 code [0x0000029b2df258a0, 0x0000029b2df25980]
Event: 1013.982 Thread 0x0000029b7e02f080 10334       1       org.apache.catalina.core.StandardContext::getThreadBindingListener (5 bytes)
Event: 1013.982 Thread 0x0000029b7e02f080 nmethod 10334 0x0000029b2df5e090 code [0x0000029b2df5e220, 0x0000029b2df5e2f0]

GC Heap History (20 events):
Event: 31.214 GC heap before
{Heap before GC invocations=17 (full 0):
 garbage-first heap   total 81920K, used 63741K [0x0000000604c00000, 0x0000000800000000)
  region size 4096K, 11 young (45056K), 2 survivors (8192K)
 Metaspace       used 54967K, committed 56000K, reserved 1114112K
  class space    used 7079K, committed 7552K, reserved 1048576K
}
Event: 31.220 GC heap after
{Heap after GC invocations=18 (full 0):
 garbage-first heap   total 81920K, used 34338K [0x0000000604c00000, 0x0000000800000000)
  region size 4096K, 1 young (4096K), 1 survivors (4096K)
 Metaspace       used 54967K, committed 56000K, reserved 1114112K
  class space    used 7079K, committed 7552K, reserved 1048576K
}
Event: 50.236 GC heap before
{Heap before GC invocations=19 (full 0):
 garbage-first heap   total 81920K, used 67106K [0x0000000604c00000, 0x0000000800000000)
  region size 4096K, 9 young (36864K), 1 survivors (4096K)
 Metaspace       used 56558K, committed 57664K, reserved 1114112K
  class space    used 7339K, committed 7872K, reserved 1048576K
}
Event: 50.241 GC heap after
{Heap after GC invocations=20 (full 0):
 garbage-first heap   total 81920K, used 36214K [0x0000000604c00000, 0x0000000800000000)
  region size 4096K, 2 young (8192K), 2 survivors (8192K)
 Metaspace       used 56558K, committed 57664K, reserved 1114112K
  class space    used 7339K, committed 7872K, reserved 1048576K
}
Event: 160.548 GC heap before
{Heap before GC invocations=20 (full 0):
 garbage-first heap   total 81920K, used 64886K [0x0000000604c00000, 0x0000000800000000)
  region size 4096K, 9 young (36864K), 2 survivors (8192K)
 Metaspace       used 58056K, committed 59264K, reserved 1114112K
  class space    used 7511K, committed 8064K, reserved 1048576K
}
Event: 160.553 GC heap after
{Heap after GC invocations=21 (full 0):
 garbage-first heap   total 81920K, used 36658K [0x0000000604c00000, 0x0000000800000000)
  region size 4096K, 2 young (8192K), 2 survivors (8192K)
 Metaspace       used 58056K, committed 59264K, reserved 1114112K
  class space    used 7511K, committed 8064K, reserved 1048576K
}
Event: 233.840 GC heap before
{Heap before GC invocations=21 (full 0):
 garbage-first heap   total 81920K, used 65330K [0x0000000604c00000, 0x0000000800000000)
  region size 4096K, 9 young (36864K), 2 survivors (8192K)
 Metaspace       used 59338K, committed 60608K, reserved 1114112K
  class space    used 7655K, committed 8256K, reserved 1048576K
}
Event: 233.844 GC heap after
{Heap after GC invocations=22 (full 0):
 garbage-first heap   total 81920K, used 35766K [0x0000000604c00000, 0x0000000800000000)
  region size 4096K, 1 young (4096K), 1 survivors (4096K)
 Metaspace       used 59338K, committed 60608K, reserved 1114112K
  class space    used 7655K, committed 8256K, reserved 1048576K
}
Event: 361.231 GC heap before
{Heap before GC invocations=23 (full 0):
 garbage-first heap   total 81920K, used 52150K [0x0000000604c00000, 0x0000000800000000)
  region size 4096K, 6 young (24576K), 1 survivors (4096K)
 Metaspace       used 58998K, committed 60608K, reserved 1114112K
  class space    used 7557K, committed 8256K, reserved 1048576K
}
Event: 361.274 GC heap after
{Heap after GC invocations=24 (full 1):
 garbage-first heap   total 81920K, used 24205K [0x0000000604c00000, 0x0000000800000000)
  region size 4096K, 0 young (0K), 0 survivors (0K)
 Metaspace       used 58360K, committed 60608K, reserved 1114112K
  class space    used 7406K, committed 8256K, reserved 1048576K
}
Event: 363.587 GC heap before
{Heap before GC invocations=24 (full 1):
 garbage-first heap   total 81920K, used 69261K [0x0000000604c00000, 0x0000000800000000)
  region size 4096K, 12 young (49152K), 0 survivors (0K)
 Metaspace       used 58632K, committed 60608K, reserved 1114112K
  class space    used 7454K, committed 8256K, reserved 1048576K
}
Event: 363.590 GC heap after
{Heap after GC invocations=25 (full 1):
 garbage-first heap   total 81920K, used 28942K [0x0000000604c00000, 0x0000000800000000)
  region size 4096K, 2 young (8192K), 2 survivors (8192K)
 Metaspace       used 58632K, committed 60608K, reserved 1114112K
  class space    used 7454K, committed 8256K, reserved 1048576K
}
Event: 364.010 GC heap before
{Heap before GC invocations=26 (full 1):
 garbage-first heap   total 81920K, used 61710K [0x0000000604c00000, 0x0000000800000000)
  region size 4096K, 11 young (45056K), 2 survivors (8192K)
 Metaspace       used 58907K, committed 60608K, reserved 1114112K
  class space    used 7485K, committed 8256K, reserved 1048576K
}
Event: 364.013 GC heap after
{Heap after GC invocations=27 (full 1):
 garbage-first heap   total 81920K, used 31763K [0x0000000604c00000, 0x0000000800000000)
  region size 4096K, 1 young (4096K), 1 survivors (4096K)
 Metaspace       used 58907K, committed 60608K, reserved 1114112K
  class space    used 7485K, committed 8256K, reserved 1048576K
}
Event: 411.177 GC heap before
{Heap before GC invocations=27 (full 1):
 garbage-first heap   total 81920K, used 68627K [0x0000000604c00000, 0x0000000800000000)
  region size 4096K, 10 young (40960K), 1 survivors (4096K)
 Metaspace       used 59570K, committed 60736K, reserved 1114112K
  class space    used 7637K, committed 8256K, reserved 1048576K
}
Event: 411.182 GC heap after
{Heap after GC invocations=28 (full 1):
 garbage-first heap   total 81920K, used 37383K [0x0000000604c00000, 0x0000000800000000)
  region size 4096K, 2 young (8192K), 2 survivors (8192K)
 Metaspace       used 59570K, committed 60736K, reserved 1114112K
  class space    used 7637K, committed 8256K, reserved 1048576K
}
Event: 605.022 GC heap before
{Heap before GC invocations=29 (full 1):
 garbage-first heap   total 81920K, used 66055K [0x0000000604c00000, 0x0000000800000000)
  region size 4096K, 9 young (36864K), 2 survivors (8192K)
 Metaspace       used 59584K, committed 60800K, reserved 1114112K
  class space    used 7640K, committed 8256K, reserved 1048576K
}
Event: 605.027 GC heap after
{Heap after GC invocations=30 (full 1):
 garbage-first heap   total 81920K, used 38493K [0x0000000604c00000, 0x0000000800000000)
  region size 4096K, 1 young (4096K), 1 survivors (4096K)
 Metaspace       used 59584K, committed 60800K, reserved 1114112K
  class space    used 7640K, committed 8256K, reserved 1048576K
}
Event: 801.194 GC heap before
{Heap before GC invocations=30 (full 1):
 garbage-first heap   total 81920K, used 63069K [0x0000000604c00000, 0x0000000800000000)
  region size 4096K, 7 young (28672K), 1 survivors (4096K)
 Metaspace       used 59584K, committed 60800K, reserved 1114112K
  class space    used 7640K, committed 8256K, reserved 1048576K
}
Event: 801.197 GC heap after
{Heap after GC invocations=31 (full 1):
 garbage-first heap   total 81920K, used 36436K [0x0000000604c00000, 0x0000000800000000)
  region size 4096K, 1 young (4096K), 1 survivors (4096K)
 Metaspace       used 59584K, committed 60800K, reserved 1114112K
  class space    used 7640K, committed 8256K, reserved 1048576K
}

Dll operation events (12 events):
Event: 0.016 Loaded shared library C:\STS\sts-4.31.0.RELEASE\plugins\org.eclipse.justj.openjdk.hotspot.jre.full.win32.x86_64_21.0.7.v20250502-0916\jre\bin\java.dll
Event: 0.040 Loaded shared library C:\STS\sts-4.31.0.RELEASE\plugins\org.eclipse.justj.openjdk.hotspot.jre.full.win32.x86_64_21.0.7.v20250502-0916\jre\bin\zip.dll
Event: 0.347 Loaded shared library C:\STS\sts-4.31.0.RELEASE\plugins\org.eclipse.justj.openjdk.hotspot.jre.full.win32.x86_64_21.0.7.v20250502-0916\jre\bin\instrument.dll
Event: 0.353 Loaded shared library C:\STS\sts-4.31.0.RELEASE\plugins\org.eclipse.justj.openjdk.hotspot.jre.full.win32.x86_64_21.0.7.v20250502-0916\jre\bin\net.dll
Event: 0.355 Loaded shared library C:\STS\sts-4.31.0.RELEASE\plugins\org.eclipse.justj.openjdk.hotspot.jre.full.win32.x86_64_21.0.7.v20250502-0916\jre\bin\nio.dll
Event: 0.358 Loaded shared library C:\STS\sts-4.31.0.RELEASE\plugins\org.eclipse.justj.openjdk.hotspot.jre.full.win32.x86_64_21.0.7.v20250502-0916\jre\bin\zip.dll
Event: 0.472 Loaded shared library C:\STS\sts-4.31.0.RELEASE\plugins\org.eclipse.justj.openjdk.hotspot.jre.full.win32.x86_64_21.0.7.v20250502-0916\jre\bin\jimage.dll
Event: 0.510 Loaded shared library C:\STS\sts-4.31.0.RELEASE\plugins\org.eclipse.justj.openjdk.hotspot.jre.full.win32.x86_64_21.0.7.v20250502-0916\jre\bin\management.dll
Event: 0.518 Loaded shared library C:\STS\sts-4.31.0.RELEASE\plugins\org.eclipse.justj.openjdk.hotspot.jre.full.win32.x86_64_21.0.7.v20250502-0916\jre\bin\management_ext.dll
Event: 0.684 Loaded shared library C:\STS\sts-4.31.0.RELEASE\plugins\org.eclipse.justj.openjdk.hotspot.jre.full.win32.x86_64_21.0.7.v20250502-0916\jre\bin\extnet.dll
Event: 0.704 Loaded shared library C:\STS\sts-4.31.0.RELEASE\plugins\org.eclipse.justj.openjdk.hotspot.jre.full.win32.x86_64_21.0.7.v20250502-0916\jre\bin\verify.dll
Event: 1.660 Loaded shared library C:\STS\sts-4.31.0.RELEASE\plugins\org.eclipse.justj.openjdk.hotspot.jre.full.win32.x86_64_21.0.7.v20250502-0916\jre\bin\sunmscapi.dll

Deoptimization events (20 events):
Event: 596.433 Thread 0x0000029b0494f960 DEOPT PACKING pc=0x0000029b2de07a2c sp=0x000000ce58cf9390
Event: 596.433 Thread 0x0000029b0494f960 DEOPT UNPACKING pc=0x0000029b2d5788e2 sp=0x000000ce58cf8950 mode 1
Event: 596.436 Thread 0x0000029b0494f960 DEOPT PACKING pc=0x0000029b2de041ec sp=0x000000ce58cf9140
Event: 596.436 Thread 0x0000029b0494f960 DEOPT UNPACKING pc=0x0000029b2d5788e2 sp=0x000000ce58cf8678 mode 1
Event: 596.436 Thread 0x0000029b0494f960 DEOPT PACKING pc=0x0000029b2de051f4 sp=0x000000ce58cf9230
Event: 596.436 Thread 0x0000029b0494f960 DEOPT UNPACKING pc=0x0000029b2d5788e2 sp=0x000000ce58cf87e0 mode 1
Event: 596.436 Thread 0x0000029b0494f960 DEOPT PACKING pc=0x0000029b2de07a2c sp=0x000000ce58cf93a0
Event: 596.436 Thread 0x0000029b0494f960 DEOPT UNPACKING pc=0x0000029b2d5788e2 sp=0x000000ce58cf8960 mode 1
Event: 603.898 Thread 0x0000029b0494f960 DEOPT PACKING pc=0x0000029b2de041ec sp=0x000000ce58cf9150
Event: 603.898 Thread 0x0000029b0494f960 DEOPT UNPACKING pc=0x0000029b2d5788e2 sp=0x000000ce58cf8688 mode 1
Event: 603.898 Thread 0x0000029b0494f960 DEOPT PACKING pc=0x0000029b2de051f4 sp=0x000000ce58cf9240
Event: 603.898 Thread 0x0000029b0494f960 DEOPT UNPACKING pc=0x0000029b2d5788e2 sp=0x000000ce58cf87f0 mode 1
Event: 603.898 Thread 0x0000029b0494f960 DEOPT PACKING pc=0x0000029b2de07a2c sp=0x000000ce58cf93b0
Event: 603.898 Thread 0x0000029b0494f960 DEOPT UNPACKING pc=0x0000029b2d5788e2 sp=0x000000ce58cf8970 mode 1
Event: 619.828 Thread 0x0000029b0494f960 DEOPT PACKING pc=0x0000029b2e1747d4 sp=0x000000ce58cfaee0
Event: 619.828 Thread 0x0000029b0494f960 DEOPT UNPACKING pc=0x0000029b2d5788e2 sp=0x000000ce58cfa3f0 mode 1
Event: 1021.042 Thread 0x0000029b0494f960 DEOPT PACKING pc=0x0000029b2e1a71f4 sp=0x000000ce58cfb090
Event: 1021.042 Thread 0x0000029b0494f960 DEOPT UNPACKING pc=0x0000029b2d5788e2 sp=0x000000ce58cfa568 mode 0
Event: 1021.044 Thread 0x0000029b0494f960 DEOPT PACKING pc=0x0000029b2db7a544 sp=0x000000ce58cfb750
Event: 1021.044 Thread 0x0000029b0494f960 DEOPT UNPACKING pc=0x0000029b2d5788e2 sp=0x000000ce58cfabf8 mode 0

Classes loaded (20 events):
Event: 411.185 Loading class java/util/Collections$UnmodifiableRandomAccessListCustomizer
Event: 411.185 Loading class java/util/Collections$UnmodifiableRandomAccessListCustomizer done
Event: 411.186 Loading class java/util/Collections$UnmodifiableRandomAccessListCustomizer
Event: 411.186 Loading class java/util/Collections$UnmodifiableRandomAccessListCustomizer done
Event: 411.190 Loading class java/util/regex/PatternBeanInfo
Event: 411.190 Loading class java/util/regex/PatternBeanInfo done
Event: 411.191 Loading class java/util/regex/PatternBeanInfo
Event: 411.191 Loading class java/util/regex/PatternBeanInfo done
Event: 411.191 Loading class java/util/regex/PatternCustomizer
Event: 411.191 Loading class java/util/regex/PatternCustomizer done
Event: 411.192 Loading class java/util/regex/PatternCustomizer
Event: 411.192 Loading class java/util/regex/PatternCustomizer done
Event: 411.193 Loading class java/util/regex/MatcherBeanInfo
Event: 411.193 Loading class java/util/regex/MatcherBeanInfo done
Event: 411.194 Loading class java/util/regex/MatcherBeanInfo
Event: 411.194 Loading class java/util/regex/MatcherBeanInfo done
Event: 411.194 Loading class java/util/regex/MatcherCustomizer
Event: 411.194 Loading class java/util/regex/MatcherCustomizer done
Event: 411.195 Loading class java/util/regex/MatcherCustomizer
Event: 411.195 Loading class java/util/regex/MatcherCustomizer done

Classes unloaded (20 events):
Event: 411.208 Thread 0x0000029b3a6c1d90 Unloading class 0x0000029b3e5e7800 'java/lang/invoke/LambdaForm$MH+0x0000029b3e5e7800'
Event: 411.208 Thread 0x0000029b3a6c1d90 Unloading class 0x0000029b3e5e6c00 'java/lang/invoke/LambdaForm$MH+0x0000029b3e5e6c00'
Event: 411.208 Thread 0x0000029b3a6c1d90 Unloading class 0x0000029b3e5e6800 'java/lang/invoke/LambdaForm$MH+0x0000029b3e5e6800'
Event: 411.208 Thread 0x0000029b3a6c1d90 Unloading class 0x0000029b3e5e5400 'java/lang/invoke/LambdaForm$MH+0x0000029b3e5e5400'
Event: 411.208 Thread 0x0000029b3a6c1d90 Unloading class 0x0000029b3e5e5000 'java/lang/invoke/LambdaForm$MH+0x0000029b3e5e5000'
Event: 411.208 Thread 0x0000029b3a6c1d90 Unloading class 0x0000029b3e5d5800 'java/lang/invoke/LambdaForm$MH+0x0000029b3e5d5800'
Event: 411.208 Thread 0x0000029b3a6c1d90 Unloading class 0x0000029b3e5d5400 'java/lang/invoke/LambdaForm$MH+0x0000029b3e5d5400'
Event: 411.208 Thread 0x0000029b3a6c1d90 Unloading class 0x0000029b3e490c00 'java/lang/invoke/LambdaForm$MH+0x0000029b3e490c00'
Event: 411.208 Thread 0x0000029b3a6c1d90 Unloading class 0x0000029b3e490400 'java/lang/invoke/LambdaForm$MH+0x0000029b3e490400'
Event: 411.208 Thread 0x0000029b3a6c1d90 Unloading class 0x0000029b3e490000 'java/lang/invoke/LambdaForm$MH+0x0000029b3e490000'
Event: 411.208 Thread 0x0000029b3a6c1d90 Unloading class 0x0000029b3e408800 'java/lang/invoke/LambdaForm$MH+0x0000029b3e408800'
Event: 411.208 Thread 0x0000029b3a6c1d90 Unloading class 0x0000029b3e3ed400 'java/lang/invoke/LambdaForm$MH+0x0000029b3e3ed400'
Event: 411.208 Thread 0x0000029b3a6c1d90 Unloading class 0x0000029b3e3ecc00 'java/lang/invoke/LambdaForm$MH+0x0000029b3e3ecc00'
Event: 411.208 Thread 0x0000029b3a6c1d90 Unloading class 0x0000029b3e3d5c00 'java/lang/invoke/LambdaForm$MH+0x0000029b3e3d5c00'
Event: 411.208 Thread 0x0000029b3a6c1d90 Unloading class 0x0000029b3e3d5000 'java/lang/invoke/LambdaForm$MH+0x0000029b3e3d5000'
Event: 411.208 Thread 0x0000029b3a6c1d90 Unloading class 0x0000029b3e3c8400 'java/lang/invoke/LambdaForm$MH+0x0000029b3e3c8400'
Event: 411.208 Thread 0x0000029b3a6c1d90 Unloading class 0x0000029b3e13b000 'java/lang/invoke/LambdaForm$MH+0x0000029b3e13b000'
Event: 411.208 Thread 0x0000029b3a6c1d90 Unloading class 0x0000029b3e13ac00 'java/lang/invoke/LambdaForm$MH+0x0000029b3e13ac00'
Event: 411.208 Thread 0x0000029b3a6c1d90 Unloading class 0x0000029b3e0c4000 'java/lang/invoke/LambdaForm$MH+0x0000029b3e0c4000'
Event: 411.208 Thread 0x0000029b3a6c1d90 Unloading class 0x0000029b3e0c3c00 'java/lang/invoke/LambdaForm$MH+0x0000029b3e0c3c00'

Classes redefined (3 events):
Event: 360.363 Thread 0x0000029b3a6c1d90 redefined class name=com.community.community.attachments.service.impl.AttachmentsServiceImpl, count=1
Event: 1021.062 Thread 0x0000029b3a6c1d90 redefined class name=com.community.community.notice.controller.NoticeController, count=1
Event: 1021.062 Thread 0x0000029b3a6c1d90 redefined class name=com.community.community.notice.controller.NoticeController, count=1

Internal exceptions (20 events):
Event: 411.172 Thread 0x0000029b049513a0 Exception <a 'java/lang/NoSuchMethodError'{0x0000000607baf898}: 'void java.lang.invoke.DirectMethodHandle$Holder.invokeStatic(java.lang.Object, java.lang.Object, java.lang.Object, java.lang.Object, int)'> (0x0000000607baf898) 
thrown [s\src\hotspot\share\interpreter\linkResolver.cpp, line 773]
Event: 411.172 Thread 0x0000029b049513a0 Exception <a 'java/lang/NoSuchMethodError'{0x0000000607bb3780}: 'void java.lang.invoke.DelegatingMethodHandle$Holder.reinvoke_L(java.lang.Object, java.lang.Object, java.lang.Object, java.lang.Object, int)'> (0x0000000607bb3780) 
thrown [s\src\hotspot\share\interpreter\linkResolver.cpp, line 773]
Event: 411.175 Thread 0x0000029b049513a0 Exception <a 'java/lang/ClassNotFoundException'{0x0000000607be61e8}: java/util/Collections$UnmodifiableRandomAccessListBeanInfo> (0x0000000607be61e8) 
thrown [s\src\hotspot\share\classfile\systemDictionary.cpp, line 312]
Event: 411.176 Thread 0x0000029b049513a0 Exception <a 'java/lang/ClassNotFoundException'{0x0000000607bebb68}: java/util/Collections$UnmodifiableListBeanInfo> (0x0000000607bebb68) 
thrown [s\src\hotspot\share\classfile\systemDictionary.cpp, line 312]
Event: 411.177 Thread 0x0000029b049513a0 Exception <a 'java/lang/ClassNotFoundException'{0x0000000607bf1290}: java/util/Collections$UnmodifiableListCustomizer> (0x0000000607bf1290) 
thrown [s\src\hotspot\share\classfile\systemDictionary.cpp, line 312]
Event: 411.186 Thread 0x0000029b049513a0 Exception <a 'java/lang/ClassNotFoundException'{0x00000006244344d8}: java/util/Collections$UnmodifiableRandomAccessListCustomizer> (0x00000006244344d8) 
thrown [s\src\hotspot\share\classfile\systemDictionary.cpp, line 312]
Event: 411.191 Thread 0x0000029b049513a0 Exception <a 'java/lang/ClassNotFoundException'{0x000000062446e7c8}: java/util/regex/PatternBeanInfo> (0x000000062446e7c8) 
thrown [s\src\hotspot\share\classfile\systemDictionary.cpp, line 312]
Event: 411.192 Thread 0x0000029b049513a0 Exception <a 'java/lang/ClassNotFoundException'{0x0000000624473cb0}: java/util/regex/PatternCustomizer> (0x0000000624473cb0) 
thrown [s\src\hotspot\share\classfile\systemDictionary.cpp, line 312]
Event: 411.194 Thread 0x0000029b049513a0 Exception <a 'java/lang/ClassNotFoundException'{0x0000000624494110}: java/util/regex/MatcherBeanInfo> (0x0000000624494110) 
thrown [s\src\hotspot\share\classfile\systemDictionary.cpp, line 312]
Event: 411.195 Thread 0x0000029b049513a0 Exception <a 'java/lang/ClassNotFoundException'{0x00000006244995f8}: java/util/regex/MatcherCustomizer> (0x00000006244995f8) 
thrown [s\src\hotspot\share\classfile\systemDictionary.cpp, line 312]
Event: 411.199 Thread 0x0000029b049513a0 Exception <a 'java/lang/ClassNotFoundException'{0x00000006244eb210}: org/thymeleaf/engine/ElementTagStructureHandlerBeanInfo> (0x00000006244eb210) 
thrown [s\src\hotspot\share\classfile\systemDictionary.cpp, line 312]
Event: 411.201 Thread 0x0000029b049513a0 Exception <a 'java/lang/ClassNotFoundException'{0x00000006244f47f8}: org/thymeleaf/engine/ElementTagStructureHandlerCustomizer> (0x00000006244f47f8) 
thrown [s\src\hotspot\share\classfile\systemDictionary.cpp, line 312]
Event: 411.202 Thread 0x0000029b049513a0 Exception <a 'java/lang/NoSuchMethodError'{0x0000000624509f98}: 'void java.lang.invoke.DirectMethodHandle$Holder.invokeInterface(java.lang.Object, java.lang.Object, java.lang.Object, int)'> (0x0000000624509f98) 
thrown [s\src\hotspot\share\interpreter\linkResolver.cpp, line 773]
Event: 411.202 Thread 0x0000029b049513a0 Exception <a 'java/lang/NoSuchMethodError'{0x000000062450df18}: 'void java.lang.invoke.DelegatingMethodHandle$Holder.reinvoke_L(java.lang.Object, java.lang.Object, java.lang.Object, int)'> (0x000000062450df18) 
thrown [s\src\hotspot\share\interpreter\linkResolver.cpp, line 773]
Event: 411.202 Thread 0x0000029b049513a0 Exception <a 'java/lang/NoSuchMethodError'{0x0000000624517c80}: 'java.lang.Object java.lang.invoke.DelegatingMethodHandle$Holder.delegate(java.lang.Object, java.lang.Object, java.lang.Object, java.lang.Object, int)'> (0x0000000624517c80) 
thrown [s\src\hotspot\share\interpreter\linkResolver.cpp, line 773]
Event: 411.206 Thread 0x0000029b049513a0 Exception <a 'java/lang/ClassNotFoundException'{0x000000062455d490}: nz/net/ultraq/thymeleaf/layoutdialect/models/ElementMergerBeanInfo> (0x000000062455d490) 
thrown [s\src\hotspot\share\classfile\systemDictionary.cpp, line 312]
Event: 411.222 Thread 0x0000029b049513a0 Exception <a 'java/lang/ClassNotFoundException'{0x0000000624566ec0}: nz/net/ultraq/thymeleaf/layoutdialect/models/ElementMergerCustomizer> (0x0000000624566ec0) 
thrown [s\src\hotspot\share\classfile\systemDictionary.cpp, line 312]
Event: 596.431 Thread 0x0000029b0494f960 Exception <a 'java/lang/NoSuchMethodError'{0x0000000608229200}: 'void java.lang.invoke.DelegatingMethodHandle$Holder.reinvoke_L(java.lang.Object, java.lang.Object, java.lang.Object, java.lang.Object, java.lang.Object, java.lang.Object)'> (0x0000000608229200) 
thrown [s\src\hotspot\share\interpreter\linkResolver.cpp, line 773]
Event: 603.904 Thread 0x0000029b0494f960 Exception <a 'java/lang/NoSuchMethodError'{0x00000006083c4a10}: 'long java.lang.invoke.DelegatingMethodHandle$Holder.reinvoke_L(java.lang.Object, java.lang.Object)'> (0x00000006083c4a10) 
thrown [s\src\hotspot\share\interpreter\linkResolver.cpp, line 773]
Event: 619.496 Thread 0x0000029b0494f960 Exception <a 'java/io/FileNotFoundException'{0x0000000624600990}> (0x0000000624600990) 
thrown [s\src\hotspot\share\prims\jni.cpp, line 520]

ZGC Phase Switch (0 events):
No events

VM Operations (20 events):
Event: 706.227 Executing VM operation: get/set locals
Event: 706.227 Executing VM operation: get/set locals done
Event: 706.578 Executing VM operation: get/set locals
Event: 706.578 Executing VM operation: get/set locals done
Event: 706.580 Executing VM operation: get/set locals
Event: 706.580 Executing VM operation: get/set locals done
Event: 706.581 Executing VM operation: get/set locals
Event: 706.581 Executing VM operation: get/set locals done
Event: 706.612 Executing VM operation: get/set locals
Event: 706.612 Executing VM operation: get/set locals done
Event: 801.194 Executing VM operation: G1CollectForAllocation (G1 Evacuation Pause)
Event: 801.197 Executing VM operation: G1CollectForAllocation (G1 Evacuation Pause) done
Event: 1021.041 Executing VM operation: ChangeSingleStep
Event: 1021.041 Executing VM operation: ChangeSingleStep done
Event: 1021.044 Executing VM operation: ChangeSingleStep
Event: 1021.044 Executing VM operation: ChangeSingleStep done
Event: 1021.054 Executing VM operation: RedefineClasses
Event: 1021.076 Executing VM operation: RedefineClasses done
Event: 1021.078 Executing VM operation: ChangeSingleStep
Event: 1021.078 Executing VM operation: ChangeSingleStep done

Memory protections (0 events):
No events

Nmethod flushes (20 events):
Event: 411.220 Thread 0x0000029b3a6c1d90 flushing  nmethod 0x0000029b2e4b2490
Event: 411.220 Thread 0x0000029b3a6c1d90 flushing  nmethod 0x0000029b2e4b2b10
Event: 411.220 Thread 0x0000029b3a6c1d90 flushing  nmethod 0x0000029b2e4b2e10
Event: 411.220 Thread 0x0000029b3a6c1d90 flushing  nmethod 0x0000029b2e4b3110
Event: 411.220 Thread 0x0000029b3a6c1d90 flushing  nmethod 0x0000029b2e4b3410
Event: 411.220 Thread 0x0000029b3a6c1d90 flushing  nmethod 0x0000029b2e4b3710
Event: 411.220 Thread 0x0000029b3a6c1d90 flushing  nmethod 0x0000029b2e4b4210
Event: 411.220 Thread 0x0000029b3a6c1d90 flushing  nmethod 0x0000029b2e4b4e90
Event: 411.220 Thread 0x0000029b3a6c1d90 flushing  nmethod 0x0000029b2e4b5310
Event: 411.220 Thread 0x0000029b3a6c1d90 flushing  nmethod 0x0000029b2e4b5c90
Event: 411.220 Thread 0x0000029b3a6c1d90 flushing  nmethod 0x0000029b2e4c9290
Event: 411.220 Thread 0x0000029b3a6c1d90 flushing  nmethod 0x0000029b2e4c9d90
Event: 411.220 Thread 0x0000029b3a6c1d90 flushing  nmethod 0x0000029b2e4cc590
Event: 411.220 Thread 0x0000029b3a6c1d90 flushing  nmethod 0x0000029b2e5e9a10
Event: 411.220 Thread 0x0000029b3a6c1d90 flushing  nmethod 0x0000029b2e5ea110
Event: 411.220 Thread 0x0000029b3a6c1d90 flushing  nmethod 0x0000029b2e5ea990
Event: 411.220 Thread 0x0000029b3a6c1d90 flushing  nmethod 0x0000029b2e5ecc90
Event: 411.220 Thread 0x0000029b3a6c1d90 flushing  nmethod 0x0000029b2e5ee010
Event: 411.220 Thread 0x0000029b3a6c1d90 flushing  nmethod 0x0000029b2e5efb10
Event: 411.220 Thread 0x0000029b3a6c1d90 flushing  nmethod 0x0000029b2e5eff10

Events (20 events):
Event: 364.059 Thread 0x0000029b7eabaac0 Thread added: 0x0000029b7f11ebb0
Event: 364.060 Thread 0x0000029b04954820 Thread added: 0x0000029b7f11f240
Event: 364.060 Thread 0x0000029b7f11ebb0 Thread added: 0x0000029b7f11f8d0
Event: 364.066 Thread 0x0000029b7f11f8d0 Thread exited: 0x0000029b7f11f8d0
Event: 365.090 Thread 0x0000029b7f11f240 Thread exited: 0x0000029b7f11f240
Event: 368.903 Thread 0x0000029b0494ec40 Thread exited: 0x0000029b0494ec40
Event: 370.101 Thread 0x0000029b040094d0 Thread exited: 0x0000029b040094d0
Event: 375.108 Thread 0x0000029b04008e00 Thread exited: 0x0000029b04008e00
Event: 380.113 Thread 0x0000029b0400c480 Thread exited: 0x0000029b0400c480
Event: 410.535 Thread 0x0000029b7e02f080 Thread added: 0x0000029b0400c480
Event: 410.536 Thread 0x0000029b7e02f080 Thread added: 0x0000029b04008e00
Event: 413.208 Thread 0x0000029b04008e00 Thread exited: 0x0000029b04008e00
Event: 418.280 Thread 0x0000029b0400c480 Thread exited: 0x0000029b0400c480
Event: 439.062 Thread 0x0000029b7f1219a0 Thread exited: 0x0000029b7f1219a0
Event: 451.083 Thread 0x0000029b7f11ebb0 Thread exited: 0x0000029b7f11ebb0
Event: 451.083 Thread 0x0000029b04954820 Thread exited: 0x0000029b04954820
Event: 603.837 Thread 0x0000029b04858550 Thread added: 0x0000029b7f1219a0
Event: 603.911 Thread 0x0000029b7e02f080 Thread added: 0x0000029b0400c480
Event: 608.883 Thread 0x0000029b7f1219a0 Thread exited: 0x0000029b7f1219a0
Event: 608.915 Thread 0x0000029b0400c480 Thread exited: 0x0000029b0400c480


Dynamic libraries:
0x00007ff708710000 - 0x00007ff70871e000 	C:\STS\sts-4.31.0.RELEASE\plugins\org.eclipse.justj.openjdk.hotspot.jre.full.win32.x86_64_21.0.7.v20250502-0916\jre\bin\javaw.exe
0x00007ff9daf80000 - 0x00007ff9db1e7000 	C:\WINDOWS\SYSTEM32\ntdll.dll
0x00007ff9dad20000 - 0x00007ff9dade9000 	C:\WINDOWS\System32\KERNEL32.DLL
0x00007ff9d8470000 - 0x00007ff9d885f000 	C:\WINDOWS\System32\KERNELBASE.dll
0x00007ff9d80d0000 - 0x00007ff9d821b000 	C:\WINDOWS\System32\ucrtbase.dll
0x00007ff9b5c30000 - 0x00007ff9b5c48000 	C:\STS\sts-4.31.0.RELEASE\plugins\org.eclipse.justj.openjdk.hotspot.jre.full.win32.x86_64_21.0.7.v20250502-0916\jre\bin\jli.dll
0x00007ff9b8260000 - 0x00007ff9b827e000 	C:\STS\sts-4.31.0.RELEASE\plugins\org.eclipse.justj.openjdk.hotspot.jre.full.win32.x86_64_21.0.7.v20250502-0916\jre\bin\VCRUNTIME140.dll
0x00007ff9daa10000 - 0x00007ff9dabd5000 	C:\WINDOWS\System32\USER32.dll
0x00007ff9d82d0000 - 0x00007ff9d82f7000 	C:\WINDOWS\System32\win32u.dll
0x00007ff9d8d20000 - 0x00007ff9d8d4b000 	C:\WINDOWS\System32\GDI32.dll
0x00007ff9d8a70000 - 0x00007ff9d8b9c000 	C:\WINDOWS\System32\gdi32full.dll
0x00007ff9b61c0000 - 0x00007ff9b6453000 	C:\WINDOWS\WinSxS\amd64_microsoft.windows.common-controls_6595b64144ccf1df_6.0.26100.7309_none_3e05feeae336a044\COMCTL32.dll
0x00007ff9d89c0000 - 0x00007ff9d8a63000 	C:\WINDOWS\System32\msvcp_win.dll
0x00007ff9d9950000 - 0x00007ff9d99f9000 	C:\WINDOWS\System32\msvcrt.dll
0x00007ff9d8dd0000 - 0x00007ff9d8e01000 	C:\WINDOWS\System32\IMM32.DLL
0x00007ff9a7560000 - 0x00007ff9a756c000 	C:\STS\sts-4.31.0.RELEASE\plugins\org.eclipse.justj.openjdk.hotspot.jre.full.win32.x86_64_21.0.7.v20250502-0916\jre\bin\vcruntime140_1.dll
0x00007ff90d070000 - 0x00007ff90d0fd000 	C:\STS\sts-4.31.0.RELEASE\plugins\org.eclipse.justj.openjdk.hotspot.jre.full.win32.x86_64_21.0.7.v20250502-0916\jre\bin\msvcp140.dll
0x00007ff969840000 - 0x00007ff96a5d0000 	C:\STS\sts-4.31.0.RELEASE\plugins\org.eclipse.justj.openjdk.hotspot.jre.full.win32.x86_64_21.0.7.v20250502-0916\jre\bin\server\jvm.dll
0x00007ff9da6d0000 - 0x00007ff9da784000 	C:\WINDOWS\System32\ADVAPI32.dll
0x00007ff9da800000 - 0x00007ff9da8a6000 	C:\WINDOWS\System32\sechost.dll
0x00007ff9d9a00000 - 0x00007ff9d9b18000 	C:\WINDOWS\System32\RPCRT4.dll
0x00007ff9dae10000 - 0x00007ff9dae84000 	C:\WINDOWS\System32\WS2_32.dll
0x00007ff9d7f30000 - 0x00007ff9d7f8e000 	C:\WINDOWS\SYSTEM32\POWRPROF.dll
0x00007ff9cc980000 - 0x00007ff9cc98b000 	C:\WINDOWS\SYSTEM32\VERSION.dll
0x00007ff9cce90000 - 0x00007ff9ccec5000 	C:\WINDOWS\SYSTEM32\WINMM.dll
0x00007ff9d7f10000 - 0x00007ff9d7f24000 	C:\WINDOWS\SYSTEM32\UMPDC.dll
0x00007ff9d6e40000 - 0x00007ff9d6e5b000 	C:\WINDOWS\SYSTEM32\kernel.appcore.dll
0x00007ff9b93d0000 - 0x00007ff9b93da000 	C:\STS\sts-4.31.0.RELEASE\plugins\org.eclipse.justj.openjdk.hotspot.jre.full.win32.x86_64_21.0.7.v20250502-0916\jre\bin\jimage.dll
0x00007ff9d5940000 - 0x00007ff9d5b82000 	C:\WINDOWS\SYSTEM32\DBGHELP.DLL
0x00007ff9da190000 - 0x00007ff9da516000 	C:\WINDOWS\System32\combase.dll
0x00007ff9d9c20000 - 0x00007ff9d9cf6000 	C:\WINDOWS\System32\OLEAUT32.dll
0x00007ff9aef60000 - 0x00007ff9aef9c000 	C:\WINDOWS\SYSTEM32\dbgcore.DLL
0x00007ff9d8220000 - 0x00007ff9d82c5000 	C:\WINDOWS\System32\bcryptPrimitives.dll
0x00007ff9a47a0000 - 0x00007ff9a47dc000 	C:\STS\sts-4.31.0.RELEASE\plugins\org.eclipse.justj.openjdk.hotspot.jre.full.win32.x86_64_21.0.7.v20250502-0916\jre\bin\jdwp.dll
0x00007ff9b81f0000 - 0x00007ff9b81ff000 	C:\STS\sts-4.31.0.RELEASE\plugins\org.eclipse.justj.openjdk.hotspot.jre.full.win32.x86_64_21.0.7.v20250502-0916\jre\bin\instrument.dll
0x00007ff9b5c10000 - 0x00007ff9b5c2f000 	C:\STS\sts-4.31.0.RELEASE\plugins\org.eclipse.justj.openjdk.hotspot.jre.full.win32.x86_64_21.0.7.v20250502-0916\jre\bin\java.dll
0x00007ff9d91f0000 - 0x00007ff9d9943000 	C:\WINDOWS\System32\SHELL32.dll
0x00007ff9d8300000 - 0x00007ff9d846a000 	C:\WINDOWS\System32\wintypes.dll
0x00007ff9d5c90000 - 0x00007ff9d64ee000 	C:\WINDOWS\SYSTEM32\windows.storage.dll
0x00007ff9dabe0000 - 0x00007ff9dacd5000 	C:\WINDOWS\System32\SHCORE.dll
0x00007ff9da790000 - 0x00007ff9da7f6000 	C:\WINDOWS\System32\shlwapi.dll
0x00007ff9d7ff0000 - 0x00007ff9d8019000 	C:\WINDOWS\SYSTEM32\profapi.dll
0x00007ff9b4e60000 - 0x00007ff9b4e78000 	C:\STS\sts-4.31.0.RELEASE\plugins\org.eclipse.justj.openjdk.hotspot.jre.full.win32.x86_64_21.0.7.v20250502-0916\jre\bin\zip.dll
0x00007ff9bb5e0000 - 0x00007ff9bb5eb000 	C:\STS\sts-4.31.0.RELEASE\plugins\org.eclipse.justj.openjdk.hotspot.jre.full.win32.x86_64_21.0.7.v20250502-0916\jre\bin\dt_socket.dll
0x00007ff9d67d0000 - 0x00007ff9d6804000 	C:\WINDOWS\SYSTEM32\IPHLPAPI.DLL
0x00007ff9d7390000 - 0x00007ff9d73fb000 	C:\WINDOWS\system32\mswsock.dll
0x00007ff9d6810000 - 0x00007ff9d693c000 	C:\WINDOWS\SYSTEM32\DNSAPI.dll
0x00007ff9da6c0000 - 0x00007ff9da6ca000 	C:\WINDOWS\System32\NSI.dll
0x00007ff9ccbb0000 - 0x00007ff9ccbbb000 	C:\Windows\System32\rasadhlp.dll
0x00007ff9cf380000 - 0x00007ff9cf406000 	C:\WINDOWS\System32\fwpuclnt.dll
0x00007ff9ad8d0000 - 0x00007ff9ad8e0000 	C:\STS\sts-4.31.0.RELEASE\plugins\org.eclipse.justj.openjdk.hotspot.jre.full.win32.x86_64_21.0.7.v20250502-0916\jre\bin\net.dll
0x00007ff9ce590000 - 0x00007ff9ce6b8000 	C:\WINDOWS\SYSTEM32\WINHTTP.dll
0x00007ff9a8810000 - 0x00007ff9a8826000 	C:\STS\sts-4.31.0.RELEASE\plugins\org.eclipse.justj.openjdk.hotspot.jre.full.win32.x86_64_21.0.7.v20250502-0916\jre\bin\nio.dll
0x00007ff9a7470000 - 0x00007ff9a747a000 	C:\STS\sts-4.31.0.RELEASE\plugins\org.eclipse.justj.openjdk.hotspot.jre.full.win32.x86_64_21.0.7.v20250502-0916\jre\bin\management.dll
0x00007ff9992b0000 - 0x00007ff9992bb000 	C:\STS\sts-4.31.0.RELEASE\plugins\org.eclipse.justj.openjdk.hotspot.jre.full.win32.x86_64_21.0.7.v20250502-0916\jre\bin\management_ext.dll
0x00007ff9dadf0000 - 0x00007ff9dadf8000 	C:\WINDOWS\System32\PSAPI.DLL
0x00007ff9b9cc0000 - 0x00007ff9b9cd8000 	C:\WINDOWS\system32\napinsp.dll
0x00007ff9b9c00000 - 0x00007ff9b9c12000 	C:\WINDOWS\System32\winrnr.dll
0x00007ff9b9bd0000 - 0x00007ff9b9bf2000 	C:\WINDOWS\system32\nlansp_c.dll
0x00007ff9b9bb0000 - 0x00007ff9b9bc6000 	C:\WINDOWS\system32\wshbth.dll
0x00007ff9d7780000 - 0x00007ff9d779b000 	C:\WINDOWS\SYSTEM32\CRYPTSP.dll
0x00007ff9d6da0000 - 0x00007ff9d6dda000 	C:\WINDOWS\system32\rsaenh.dll
0x00007ff9d7440000 - 0x00007ff9d746b000 	C:\WINDOWS\SYSTEM32\USERENV.dll
0x00007ff9d7fc0000 - 0x00007ff9d7fea000 	C:\WINDOWS\SYSTEM32\bcrypt.dll
0x00007ff9d75e0000 - 0x00007ff9d75ec000 	C:\WINDOWS\SYSTEM32\CRYPTBASE.dll
0x00007ff9b8280000 - 0x00007ff9b8289000 	C:\STS\sts-4.31.0.RELEASE\plugins\org.eclipse.justj.openjdk.hotspot.jre.full.win32.x86_64_21.0.7.v20250502-0916\jre\bin\extnet.dll
0x00007ff9ad8c0000 - 0x00007ff9ad8d0000 	C:\STS\sts-4.31.0.RELEASE\plugins\org.eclipse.justj.openjdk.hotspot.jre.full.win32.x86_64_21.0.7.v20250502-0916\jre\bin\verify.dll
0x00007ff96bdb0000 - 0x00007ff96bdbe000 	C:\STS\sts-4.31.0.RELEASE\plugins\org.eclipse.justj.openjdk.hotspot.jre.full.win32.x86_64_21.0.7.v20250502-0916\jre\bin\sunmscapi.dll
0x00007ff9d8ba0000 - 0x00007ff9d8d17000 	C:\WINDOWS\System32\CRYPT32.dll
0x00007ff9d78d0000 - 0x00007ff9d7900000 	C:\WINDOWS\SYSTEM32\ncrypt.dll
0x00007ff9d7880000 - 0x00007ff9d78bf000 	C:\WINDOWS\SYSTEM32\NTASN1.dll
0x00007ff9c5d10000 - 0x00007ff9c5d18000 	C:\WINDOWS\system32\wshunix.dll

dbghelp: loaded successfully - version: 4.0.5 - missing functions: none
symbol engine: initialized successfully - sym options: 0x614 - pdb path: .;C:\STS\sts-4.31.0.RELEASE\plugins\org.eclipse.justj.openjdk.hotspot.jre.full.win32.x86_64_21.0.7.v20250502-0916\jre\bin;C:\WINDOWS\SYSTEM32;C:\WINDOWS\WinSxS\amd64_microsoft.windows.common-controls_6595b64144ccf1df_6.0.26100.7309_none_3e05feeae336a044;C:\STS\sts-4.31.0.RELEASE\plugins\org.eclipse.justj.openjdk.hotspot.jre.full.win32.x86_64_21.0.7.v20250502-0916\jre\bin\server

VM Arguments:
jvm_args: -XX:+ShowCodeDetailsInExceptionMessages -agentlib:jdwp=transport=dt_socket,suspend=y,address=localhost:60388 -Dcom.sun.management.jmxremote -Dcom.sun.management.jmxremote.port=60387 -Dcom.sun.management.jmxremote.authenticate=false -Dcom.sun.management.jmxremote.ssl=false -Djava.rmi.server.hostname=localhost -Dspring.jmx.enabled=true -Dmanagement.endpoints.jmx.exposure.include=* -Dspring.application.admin.enabled=true -Dspring.output.ansi.enabled=always -XX:TieredStopAtLevel=1 -Dspring.boot.project.name=Community -javaagent:C:\STS\sts-4.31.0.RELEASE\configuration\org.eclipse.osgi\273\0\.cp\lib\javaagent-shaded.jar -Dfile.encoding=UTF-8 -Dstdout.encoding=UTF-8 -Dstderr.encoding=UTF-8 
java_command: com.community.community.CommunityApplication
java_class_path (initial): C:\Users\LOTTE\Documents\workspace-spring-tools-for-eclipse-4.31.0.RELEASE\Community\target\classes;C:\Users\LOTTE\.m2\repository\org\thymeleaf\extras\thymeleaf-extras-java8time\3.0.4.RELEASE\thymeleaf-extras-java8time-3.0.4.RELEASE.jar;C:\Users\LOTTE\.m2\repository\org\thymeleaf\thymeleaf\3.1.2.RELEASE\thymeleaf-3.1.2.RELEASE.jar;C:\Users\LOTTE\.m2\repository\ognl\ognl\3.3.4\ognl-3.3.4.jar;C:\Users\LOTTE\.m2\repository\org\javassist\javassist\3.29.0-GA\javassist-3.29.0-GA.jar;C:\Users\LOTTE\.m2\repository\org\attoparser\attoparser\2.0.7.RELEASE\attoparser-2.0.7.RELEASE.jar;C:\Users\LOTTE\.m2\repository\org\unbescape\unbescape\1.1.6.RELEASE\unbescape-1.1.6.RELEASE.jar;C:\Users\LOTTE\.m2\repository\org\slf4j\slf4j-api\2.0.9\slf4j-api-2.0.9.jar;C:\Users\LOTTE\.m2\repository\org\springframework\boot\spring-boot-starter-security\3.2.0\spring-boot-starter-security-3.2.0.jar;C:\Users\LOTTE\.m2\repository\org\springframework\boot\spring-boot-starter\3.2.0\spring-boot-starter-3.2.0.jar;C:\Users\LOTTE\.m2\repository\org\springframework\boot\spring-boot-starter-logging\3.2.0\spring-boot-starter-logging-3.2.0.jar;C:\Users\LOTTE\.m2\repository\ch\qos\logback\logback-classic\1.4.11\logback-classic-1.4.11.jar;C:\Users\LOTTE\.m2\repository\ch\qos\logback\logback-core\1.4.11\logback-core-1.4.11.jar;C:\Users\LOTTE\.m2\repository\org\apache\logging\log4j\log4j-to-slf4j\2.21.1\log4j-to-slf4j-2.21.1.jar;C:\Users\LOTTE\.m2\repository\org\apache\logging\log4j\log4j-api\2.21.1\log4j-api-2.21.1.jar;C:\Users\LOTTE\.m2\repository\org\slf4j\jul-to-slf4j\2.0.9\jul-to-slf4j-2.0.9.jar;C:\Users\LOTTE\.m2\repository\jakarta\annotation\jakarta.annotation-api\2.1.1\jakarta.annotation-api-2.1.1.jar;C:\Users\LOTTE\.m2\repository\org\yaml\snakeyaml\2.2\snakeyaml-2.2.jar;C:\Users\LOTTE\.m2\repository\org\springframework\spring-aop\6.1.1\spring-aop-6.1.1.jar;C:\Users\LOTTE\.m2\repository\org\springframework\spring-beans\6.1.1\spring-beans-6.1.1.jar;C:\Users\LOTTE\.m2\repository\org\springframework\security\spring-security-config\6.2.0\spring-security-config-6.2.0.jar;C:\Users\LOTTE\.m2\repository\org\springframework\security\spring-security-core\6.2.0\spring-security-core-6.2.0.jar;C:\Users\LOTTE\.m2\repository\org\springframework\security\spring-security-crypto\6.2.0\spring-security-crypto-6.2.0.jar;C:\Users\LOTTE\.m2\repository\org\springframework\spring-context\6.1.1\spring-context-6.1.1.jar;C:\Users\LOTTE\.m2\repository\org\springframework\security\spring-security-web\6.2.0\spring-security-web-6.2.0.jar;C:\Users\LOTTE\.m2\repository\org\springframework\spring-expression\6.1.1\spring-expression-6.1.1.jar;C:\Users\LOTTE\.m2\repository\org\springframework\boot\spring-boot-starter-thymeleaf\3.2.0\spring-boot-starter-thymeleaf-3.2.0.jar;C:\Users\LOTTE\.m2\repository\org\thymeleaf\thymeleaf-spring6\3.1.2.RELEASE\thymeleaf-spring6-3.1.2.RELEASE.jar;C:\Users\LOTTE\.m2\repository\nz\net\ultraq\thymeleaf\thymeleaf-layout-dialect\3.3.0\thymeleaf-layout-dialect-3.3.0.jar;C:\Users\LOTTE\.m2\repository\org\apache\groovy\groovy\4.0.15\groovy-4.0.15.jar;C:\Users\LOTTE\.m2\repository\nz\net\ultraq\groovy\groovy-extensions\2.1.0\groovy-extensions-2.1.0.jar;C:\Users\LOTTE\.m2\repository\nz\net\ultraq\thymeleaf\thymeleaf-expression-processor\3.2.0\thymeleaf-expression-processor-3.2.0.jar;C:\Users\LOTTE\.m2\repository\org\springframework\boot\spring-boot-starter-web\3.2.0\spring-boot-starter-web-3.2.0.jar;C:\Users\LOTTE\.m2\repository\org\springframework\boot\spring-boot-starter-json\3.2.0\spring-boot-starter-json-3.2.0.jar;C:\Users\LOTTE\.m2\repository\com\fasterxml\jackson\core\jackson-databind\2.15.3\jackson-databind-2.15.3.jar;C:\Users\LOTTE\.m2\repository\com\fasterxml\jackson\core\jackson-annotations\2.15.3\jackson-annotations-2.15.3.jar;C:\Users\LOTTE\.m2\repository\com\fasterxml\jackson\core\jackson-core\2.15.3\jackson-core-2.15.3.jar;C:\Users\LOTTE\.m2\repository\com\fasterxml\jackson\datatype\jackson-datatype-jdk8\2.15.3\jackson-datatype-jdk8-2.15.3.jar;C:\Users\LOTTE\.m2\repository\com\fasterxml\jackson\datatype\jackson-datatype-jsr310\2.15.3\jackson-datatype-jsr310-2.15.3.jar;C:\Users\LOTTE\.m2\repository\com\fasterxml\jackson\module\jackson-module-parameter-names\2.15.3\jackson-module-parameter-names-2.15.3.jar;C:\Users\LOTTE\.m2\repository\org\springframework\boot\spring-boot-starter-tomcat\3.2.0\spring-boot-starter-tomcat-3.2.0.jar;C:\Users\LOTTE\.m2\repository\org\apache\tomcat\embed\tomcat-embed-core\10.1.16\tomcat-embed-core-10.1.16.jar;C:\Users\LOTTE\.m2\repository\org\apache\tomcat\embed\tomcat-embed-el\10.1.16\tomcat-embed-el-10.1.16.jar;C:\Users\LOTTE\.m2\repository\org\apache\tomcat\embed\tomcat-embed-websocket\10.1.16\tomcat-embed-websocket-10.1.16.jar;C:\Users\LOTTE\.m2\repository\org\springframework\spring-web\6.1.1\spring-web-6.1.1.jar;C:\Users\LOTTE\.m2\repository\io\micrometer\micrometer-observation\1.12.0\micrometer-observation-1.12.0.jar;C:\Users\LOTTE\.m2\repository\io\micrometer\micrometer-commons\1.12.0\micrometer-commons-1.12.0.jar;C:\Users\LOTTE\.m2\repository\org\springframework\spring-webmvc\6.1.1\spring-webmvc-6.1.1.jar;C:\Users\LOTTE\.m2\repository\org\mybatis\spring\boot\mybatis-spring-boot-starter\3.0.3\mybatis-spring-boot-starter-3.0.3.jar;C:\Users\LOTTE\.m2\repository\org\springframework\boot\spring-boot-starter-jdbc\3.2.0\spring-boot-starter-jdbc-3.2.0.jar;C:\Users\LOTTE\.m2\repository\com\zaxxer\HikariCP\5.0.1\HikariCP-5.0.1.jar;C:\Users\LOTTE\.m2\repository\org\springframework\spring-jdbc\6.1.1\spring-jdbc-6.1.1.jar;C:\Users\LOTTE\.m2\repository\org\mybatis\spring\boot\mybatis-spring-boot-autoconfigure\3.0.3\mybatis-spring-boot-autoconfigure-3.0.3.jar;C:\Users\LOTTE\.m2\repository\org\mybatis\mybatis\3.5.14\mybatis-3.5.14.jar;C:\Users\LOTTE\.m2\repository\org\mybatis\mybatis-spring\3.0.3\mybatis-spring-3.0.3.jar;C:\Users\LOTTE\.m2\repository\org\springframework\boot\spring-boot-devtools\3.2.0\spring-boot-devtools-3.2.0.jar;C:\Users\LOTTE\.m2\repository\org\springframework\boot\spring-boot\3.2.0\spring-boot-3.2.0.jar;C:\Users\LOTTE\.m2\repository\org\springframework\boot\spring-boot-autoconfigure\3.2.0\spring-boot-autoconfigure-3.2.0.jar;C:\Users\LOTTE\.m2\repository\com\mysql\mysql-connector-j\8.1.0\mysql-connector-j-8.1.0.jar;C:\Users\LOTTE\.m2\repository\org\projectlombok\lombok\1.18.30\lombok-1.18.30.jar;C:\Users\LOTTE\.m2\repository\org\springframework\spring-core\6.1.1\spring-core-6.1.1.jar;C:\Users\LOTTE\.m2\repository\org\springframework\spring-jcl\6.1.1\spring-jcl-6.1.1.jar;C:\Users\LOTTE\.m2\repository\org\springframework\spring-tx\6.1.1\spring-tx-6.1.1.jar
Launcher Type: SUN_STANDARD

[Global flags]
     intx CICompilerCount                          = 4                                         {product} {ergonomic}
     uint ConcGCThreads                            = 2                                         {product} {ergonomic}
     uint G1ConcRefinementThreads                  = 8                                         {product} {ergonomic}
   size_t G1HeapRegionSize                         = 4194304                                   {product} {ergonomic}
    uintx GCDrainStackTargetSize                   = 64                                        {product} {ergonomic}
   size_t InitialHeapSize                          = 532676608                                 {product} {ergonomic}
     bool ManagementServer                         = true                                      {product} {command line}
   size_t MarkStackSize                            = 4194304                                   {product} {ergonomic}
   size_t MaxHeapSize                              = 8510242816                                {product} {ergonomic}
   size_t MaxNewSize                               = 5104467968                                {product} {ergonomic}
   size_t MinHeapDeltaBytes                        = 4194304                                   {product} {ergonomic}
   size_t MinHeapSize                              = 8388608                                   {product} {ergonomic}
    uintx NonNMethodCodeHeapSize                   = 4096                                   {pd product} {ergonomic}
    uintx NonProfiledCodeHeapSize                  = 0                                      {pd product} {ergonomic}
     bool ProfileInterpreter                       = false                                  {pd product} {command line}
    uintx ProfiledCodeHeapSize                     = 0                                      {pd product} {ergonomic}
     bool ShowCodeDetailsInExceptionMessages       = true                                   {manageable} {command line}
   size_t SoftMaxHeapSize                          = 8510242816                             {manageable} {ergonomic}
     intx TieredStopAtLevel                        = 1                                         {product} {command line}
     bool UseCompressedOops                        = true                           {product lp64_product} {ergonomic}
     bool UseG1GC                                  = true                                      {product} {ergonomic}
     bool UseLargePagesIndividualAllocation        = false                                  {pd product} {ergonomic}

Logging:
Log output configuration:
 #0: stdout all=warning uptime,level,tags foldmultilines=false
 #1: stderr all=off uptime,level,tags foldmultilines=false

Environment Variables:
PATH=C:\STS\sts-4.31.0.RELEASE\plugins\org.eclipse.justj.openjdk.hotspot.jre.full.win32.x86_64_21.0.7.v20250502-0916\jre\bin;C:/STS/sts-4.31.0.RELEASE//plugins/org.eclipse.justj.openjdk.hotspot.jre.full.win32.x86_64_21.0.7.v20250502-0916/jre/bin/server;C:/STS/sts-4.31.0.RELEASE//plugins/org.eclipse.justj.openjdk.hotspot.jre.full.win32.x86_64_21.0.7.v20250502-0916/jre/bin;C:\WINDOWS\system32;C:\WINDOWS;C:\WINDOWS\System32\Wbem;C:\WINDOWS\System32\WindowsPowerShell\v1.0\;C:\WINDOWS\System32\OpenSSH\;C:\Program Files\Git\cmd;C:\Data\apache-tomcat-9.0.108\bin;C:\Data\maven-mvnd-1.0.2-windows-amd64\bin;C:\Data\JDK\bin;C:\Program Files\nodejs\;C:\Users\LOTTE\AppData\Local\Microsoft\WindowsApps;C:\Users\LOTTE\AppData\Local\Programs\Microsoft VS Code\bin;C:\Users\LOTTE\AppData\Roaming\npm;C:\Users\LOTTE\AppData\Local\Python\bin;C:\STS\sts-4.31.0.RELEASE;
USERNAME=LOTTE
OS=Windows_NT
PROCESSOR_IDENTIFIER=Intel64 Family 6 Model 140 Stepping 1, GenuineIntel
TMP=C:\Users\LOTTE\AppData\Local\Temp
TEMP=C:\Users\LOTTE\AppData\Local\Temp




Periodic native trim disabled

---------------  S Y S T E M  ---------------

OS:
 Windows 11 , 64 bit Build 26100 (10.0.26100.7623)
OS uptime: 0 days 8:19 hours
Hyper-V role detected

CPU: total 8 (initial active 8) (4 cores per cpu, 2 threads per core) family 6 model 140 stepping 1 microcode 0xbc, cx8, cmov, fxsr, ht, mmx, 3dnowpref, sse, sse2, sse3, ssse3, sse4.1, sse4.2, popcnt, lzcnt, tsc, tscinvbit, avx, avx2, aes, erms, clmul, bmi1, bmi2, adx, avx512f, avx512dq, avx512cd, avx512bw, avx512vl, sha, fma, vzeroupper, avx512_vpopcntdq, avx512_vpclmulqdq, avx512_vaes, avx512_vnni, clflush, clflushopt, clwb, avx512_vbmi2, avx512_vbmi, hv, rdtscp, rdpid, fsrm, gfni, avx512_bitalg, f16c, cet_ibt, cet_ss, avx512_ifma
Processor Information for the first 8 processors :
  Max Mhz: 2803, Current Mhz: 2803, Mhz Limit: 2803

Memory: 4k page, system-wide physical 32448M (16719M free)
TotalPageFile size 65216M (AvailPageFile size 45723M)
current process WorkingSet (physical memory assigned to process): 250M, peak: 296M
current process commit charge ("private bytes"): 277M, peak: 633M

vm_info: OpenJDK 64-Bit Server VM (21.0.7+6-LTS) for windows-amd64 JRE (21.0.7+6-LTS), built on 2025-04-15T00:00:00Z by "admin" with MS VC++ 17.7 (VS2022)

END.
